<?xml version="1.0" encoding="UTF-8"?>
<!-- Generated by org.testng.reporters.JUnitXMLReporter -->
<testsuite ignored="1" hostname="RAGUL" failures="1" tests="1" name="grouptest" time="0.061" errors="0" timestamp="2024-10-26T12:11:52 IST">
  <testcase classname="demo_testcase.test1" name="f" time="0.024">
    <failure type="java.lang.NullPointerException" message="Cannot invoke &amp;quot;org.openqa.selenium.SearchContext.findElement(org.openqa.selenium.By)&amp;quot; because &amp;quot;this.searchContext&amp;quot; is null">
      <![CDATA[java.lang.NullPointerException: Cannot invoke "org.openqa.selenium.SearchContext.findElement(org.openqa.selenium.By)" because "this.searchContext" is null
at org.openqa.selenium.support.pagefactory.DefaultElementLocator.findElement(DefaultElementLocator.java:68)
at org.openqa.selenium.support.pagefactory.internal.LocatingElementHandler.invoke(LocatingElementHandler.java:38)
at jdk.proxy2/jdk.proxy2.$Proxy27.click(Unknown Source)
at pom_demo.home_pagepom.wb(home_pagepom.java:18)
at demo_testcase.test1.f(test1.java:12)
at java.base/java.util.ArrayList.forEach(ArrayList.java:1597)
... Removed 25 stack frames]]>
    </failure>
  </testcase> <!-- f -->
  <testcase classname="demo_testcase.test2" name="f" time="0.0">
    <ignored/>
  </testcase> <!-- f -->
</testsuite> <!-- grouptest -->
