<?xml version="1.0" encoding="UTF-8"?>
<!-- Generated by org.testng.reporters.JUnitXMLReporter -->
<testsuite ignored="0" hostname="RAGUL" failures="0" tests="1" name="Test" time="0.054" errors="0" timestamp="2024-10-27T23:26:35 IST">
  <testcase classname="demo_testcase.basesetup" name="@BeforeTest setup" time="0.013">
    <failure type="java.lang.NullPointerException" message="Cannot invoke &amp;quot;java.util.Properties.getProperty(String)&amp;quot; because &amp;quot;this.p&amp;quot; is null">
      <![CDATA[java.lang.NullPointerException: Cannot invoke "java.util.Properties.getProperty(String)" because "this.p" is null
at demo_testcase.basesetup.setup(basesetup.java:26)
... Removed 22 stack frames]]>
    </failure>
  </testcase> <!-- @BeforeTest setup -->
  <testcase classname="demo_testcase.test2" name="f" time="0.0">
    <skipped/>
  </testcase> <!-- f -->
</testsuite> <!-- Test -->
